2021-06-15 22:05:04.0479 TRACE получение сообщение: as
2021-06-15 22:05:04.0858 TRACE отправка: 212
2021-06-15 22:10:02.0833 TRACE получение сообщение: System.Net.Sockets.TcpClient
2021-06-15 22:10:03.8064 TRACE получение сообщение: as
2021-06-15 22:10:03.8064 TRACE отправка: 212
2021-06-15 22:11:01.4285 TRACE Подключения: System.Net.Sockets.TcpListener
2021-06-15 22:11:04.4026 TRACE получение сообщение: as
2021-06-15 22:11:04.4026 TRACE отправка: 212
2021-06-15 22:12:02.3205 TRACE Подключения: System.Net.Sockets.TcpListener
2021-06-15 22:12:05.2188 TRACE получение сообщение: as
2021-06-15 22:12:05.2188 TRACE отправка: 212
2021-06-15 22:12:59.6943 TRACE Подключения: System.Threading.Thread
2021-06-15 22:13:00.5345 TRACE получение сообщение: s
2021-06-15 22:13:00.5345 TRACE отправка: 115
2021-06-15 22:14:46.6552 TRACE Подключения: System.Net.Sockets.NetworkStream
2021-06-15 22:14:48.2041 TRACE получение сообщение: as
2021-06-15 22:14:48.2041 TRACE отправка: 212
2021-06-15 22:20:19.9040 TRACE connect : 
2021-06-15 22:20:19.9706 TRACE Подключения: System.Net.Sockets.NetworkStream
2021-06-15 22:20:21.9266 TRACE получение сообщение: sa
2021-06-15 22:20:21.9266 TRACE отправка: 212
2021-06-15 22:23:18.0364 TRACE connect : 
2021-06-15 22:23:18.0983 TRACE Подключения: System.Net.Sockets.NetworkStream
2021-06-15 22:23:18.6647 TRACE получение сообщение: sa
2021-06-15 22:23:18.6662 TRACE отправка: 212
2021-06-15 23:00:55.9537 TRACE System.Net.Sockets.TcpClient
2021-06-15 23:01:34.5902 TRACE получение : sa
2021-06-15 23:01:34.6300 TRACE отправка : 212
2021-06-15 23:02:38.7847 TRACE получение : sa
2021-06-15 23:02:38.8180 TRACE отправка : 212
2021-06-15 23:05:44.2391 TRACE False
2021-06-15 23:05:44.2783 TRACE получение : sa
2021-06-15 23:05:44.2783 TRACE отправка : 212
2021-06-15 23:08:12.5749 TRACE False 
2021-06-15 23:08:12.6133 TRACE получение : sa 
2021-06-15 23:08:12.6133 TRACE отправка : 212 
